Deploy complete @ Tue Aug 11 2020 07:49:39 GMT+0100 (British Summer Time). added/changed 4 file(s): assets/debut-theme.scss.liquid, assets/overlay.scss.liquid, assets/st-albans-theme.scss.liquid, assets/theme.scss.liquid.
Deploy complete @ Tue Aug 11 2020 07:50:49 GMT+0100 (British Summer Time). added/changed 1 file(s): sections/feature-row.liquid.
Deploy complete @ Tue Aug 11 2020 07:52:43 GMT+0100 (British Summer Time). added/changed 9 file(s): assets/debut-theme.scss.liquid, assets/overlay.scss.liquid, assets/overlay.scss.liquid, assets/st-albans-theme.scss.liquid, assets/theme.scss.liquid, assets/debut-theme.scss.liquid, assets/overlay.scss.liquid, assets/st-albans-theme.scss.liquid, assets/theme.scss.liquid.
Deploy complete @ Tue Aug 11 2020 07:54:14 GMT+0100 (British Summer Time). added/changed 4 file(s): assets/debut-theme.scss.liquid, assets/overlay.scss.liquid, assets/st-albans-theme.scss.liquid, assets/theme.scss.liquid.
Deploy complete @ Tue Aug 11 2020 07:55:05 GMT+0100 (British Summer Time). added/changed 5 file(s): assets/debut-theme.scss.liquid, assets/overlay.scss.liquid, assets/overlay.scss.liquid, assets/st-albans-theme.scss.liquid, assets/theme.scss.liquid.
Deploy complete @ Tue Aug 11 2020 08:12:20 GMT+0100 (British Summer Time). added/changed 4 file(s): assets/debut-theme.scss.liquid, assets/overlay.scss.liquid, assets/st-albans-theme.scss.liquid, assets/theme.scss.liquid.
Deploy complete @ Tue Aug 11 2020 08:24:28 GMT+0100 (British Summer Time). added/changed 1 file(s): assets/theme.js.
Deploy complete @ Tue Aug 11 2020 08:28:17 GMT+0100 (British Summer Time). added/changed 1 file(s): assets/theme.js.
Deploy complete @ Tue Aug 11 2020 09:21:41 GMT+0100 (British Summer Time). added/changed 1 file(s): assets/theme.js.
Deploy complete @ Tue Aug 11 2020 09:22:23 GMT+0100 (British Summer Time). added/changed 1 file(s): assets/theme.js.
Deploy complete @ Tue Aug 11 2020 09:32:10 GMT+0100 (British Summer Time). added/changed 1 file(s): assets/theme.js.
Deploy complete @ Tue Aug 11 2020 09:50:40 GMT+0100 (British Summer Time). added/changed 4 file(s): assets/debut-theme.scss.liquid, assets/overlay.scss.liquid, assets/st-albans-theme.scss.liquid, assets/theme.scss.liquid.
Deploy complete @ Tue Aug 11 2020 09:52:11 GMT+0100 (British Summer Time). added/changed 1 file(s): sections/slideshow.liquid.
Deploy complete @ Tue Aug 11 2020 10:05:47 GMT+0100 (British Summer Time). added/changed 1 file(s): sections/slideshow.liquid.
Deploy complete @ Tue Aug 11 2020 10:05:54 GMT+0100 (British Summer Time). added/changed 1 file(s): sections/slideshow.liquid.
Deploy complete @ Tue Aug 11 2020 10:06:30 GMT+0100 (British Summer Time). added/changed 1 file(s): sections/slideshow.liquid.
Deploy complete @ Tue Aug 11 2020 10:07:24 GMT+0100 (British Summer Time). added/changed 1 file(s): sections/slideshow.liquid.
Deploy complete @ Tue Aug 11 2020 10:07:52 GMT+0100 (British Summer Time). added/changed 1 file(s): sections/slideshow.liquid.
Deploy complete @ Tue Aug 11 2020 10:08:51 GMT+0100 (British Summer Time). added/changed 1 file(s): sections/slideshow.liquid.
Deploy complete @ Tue Aug 11 2020 10:09:09 GMT+0100 (British Summer Time). added/changed 1 file(s): sections/slideshow.liquid.
Deploy complete @ Tue Aug 11 2020 10:09:28 GMT+0100 (British Summer Time). added/changed 1 file(s): sections/slideshow.liquid.
Deploy complete @ Tue Aug 11 2020 10:09:45 GMT+0100 (British Summer Time). added/changed 1 file(s): sections/slideshow.liquid.
Deploy complete @ Tue Aug 11 2020 10:10:14 GMT+0100 (British Summer Time). added/changed 1 file(s): sections/slideshow.liquid.
Deploy complete @ Tue Aug 11 2020 10:30:33 GMT+0100 (British Summer Time). added/changed 1 file(s): sections/slideshow.liquid.
Deploy complete @ Tue Aug 11 2020 11:03:28 GMT+0100 (British Summer Time). added/changed 1 file(s): sections/slideshow.liquid.
Deploy complete @ Tue Aug 11 2020 11:10:37 GMT+0100 (British Summer Time). added/changed 1 file(s): sections/slideshow.liquid.
Deploy complete @ Tue Aug 11 2020 11:14:40 GMT+0100 (British Summer Time). added/changed 1 file(s): sections/slideshow.liquid.
Deploy complete @ Tue Aug 11 2020 11:15:48 GMT+0100 (British Summer Time). added/changed 1 file(s): sections/slideshow.liquid.
Deploy complete @ Tue Aug 11 2020 11:18:00 GMT+0100 (British Summer Time). added/changed 4 file(s): assets/debut-theme.scss.liquid, assets/overlay.scss.liquid, assets/st-albans-theme.scss.liquid, assets/theme.scss.liquid.
Deploy error @ Tue Aug 11 2020 11:34:09 GMT+0100 (British Summer Time). added/changed 1 file(s): sections/slideshow.liquid.
11:34:09 [development]Asset Perform Update to sections/slideshow.liquid at host angelou-unt.myshopify.com
	Status: 422 Unprocessable Entity
	Errors: Liquid syntax error (line 186): Unknown tag 'endif'
 
Deploy complete @ Tue Aug 11 2020 11:35:23 GMT+0100 (British Summer Time). added/changed 1 file(s): sections/slideshow.liquid.
Deploy complete @ Tue Aug 11 2020 11:37:20 GMT+0100 (British Summer Time). added/changed 4 file(s): assets/debut-theme.scss.liquid, assets/overlay.scss.liquid, assets/st-albans-theme.scss.liquid, assets/theme.scss.liquid.
Deploy complete @ Tue Aug 11 2020 11:38:15 GMT+0100 (British Summer Time). added/changed 4 file(s): assets/debut-theme.scss.liquid, assets/overlay.scss.liquid, assets/st-albans-theme.scss.liquid, assets/theme.scss.liquid.
Deploy complete @ Tue Aug 11 2020 11:44:36 GMT+0100 (British Summer Time). added/changed 1 file(s): assets/pippip.front.js.
Deploy complete @ Tue Aug 11 2020 11:50:40 GMT+0100 (British Summer Time). added/changed 1 file(s): sections/slideshow.liquid.
Deploy complete @ Tue Aug 11 2020 11:59:46 GMT+0100 (British Summer Time). added/changed 1 file(s): assets/pippip.front.js.
Deploy complete @ Tue Aug 11 2020 12:01:20 GMT+0100 (British Summer Time). added/changed 1 file(s): layout/theme.liquid.
Deploy complete @ Tue Aug 11 2020 12:02:25 GMT+0100 (British Summer Time). added/changed 1 file(s): sections/slideshow.liquid.
Deploy complete @ Tue Aug 11 2020 12:04:54 GMT+0100 (British Summer Time). added/changed 1 file(s): assets/pippip.front.js.
Deploy complete @ Tue Aug 11 2020 12:07:05 GMT+0100 (British Summer Time). added/changed 1 file(s): assets/flickity.pkgd.min.js.
Deploy complete @ Tue Aug 11 2020 12:07:11 GMT+0100 (British Summer Time). added/changed 1 file(s): assets/pippip.front.js.
Deploy complete @ Tue Aug 11 2020 12:07:44 GMT+0100 (British Summer Time). added/changed 1 file(s): sections/slideshow.liquid.
Deploy complete @ Tue Aug 11 2020 12:10:08 GMT+0100 (British Summer Time). added/changed 1 file(s): sections/slideshow.liquid.
Deploy complete @ Tue Aug 11 2020 12:12:01 GMT+0100 (British Summer Time). added/changed 1 file(s): assets/pippip.front.js.
Deploy complete @ Tue Aug 11 2020 12:12:14 GMT+0100 (British Summer Time). added/changed 1 file(s): assets/pippip.front.js.
Deploy complete @ Tue Aug 11 2020 12:12:35 GMT+0100 (British Summer Time). added/changed 1 file(s): assets/pippip.front.js.
Deploy complete @ Tue Aug 11 2020 12:13:07 GMT+0100 (British Summer Time). added/changed 1 file(s): assets/pippip.front.js.
Deploy complete @ Tue Aug 11 2020 12:13:27 GMT+0100 (British Summer Time). added/changed 1 file(s): assets/pippip.front.js.
Deploy complete @ Tue Aug 11 2020 12:13:58 GMT+0100 (British Summer Time). added/changed 1 file(s): assets/pippip.front.js.
Deploy complete @ Tue Aug 11 2020 12:18:33 GMT+0100 (British Summer Time). added/changed 1 file(s): layout/theme.liquid.
Deploy complete @ Tue Aug 11 2020 12:19:44 GMT+0100 (British Summer Time). added/changed 1 file(s): assets/pippip.front.js.
Deploy complete @ Tue Aug 11 2020 12:19:51 GMT+0100 (British Summer Time). added/changed 1 file(s): assets/pippip.front.js.
Deploy complete @ Tue Aug 11 2020 12:20:26 GMT+0100 (British Summer Time). added/changed 1 file(s): layout/theme.liquid.
Deploy complete @ Tue Aug 11 2020 12:28:42 GMT+0100 (British Summer Time). added/changed 1 file(s): assets/flickity.pkgd.min.js.
Deploy complete @ Tue Aug 11 2020 12:33:33 GMT+0100 (British Summer Time). added/changed 1 file(s): sections/slideshow.liquid.
Deploy complete @ Tue Aug 11 2020 12:35:27 GMT+0100 (British Summer Time). added/changed 1 file(s): sections/slideshow.liquid.
Deploy complete @ Tue Aug 11 2020 12:36:26 GMT+0100 (British Summer Time). added/changed 1 file(s): assets/flickity.pkgd.min.js.
Deploy complete @ Tue Aug 11 2020 12:40:33 GMT+0100 (British Summer Time). added/changed 1 file(s): assets/theme.js.
Deploy complete @ Tue Aug 11 2020 12:41:27 GMT+0100 (British Summer Time). added/changed 1 file(s): sections/slideshow.liquid.
Deploy complete @ Tue Aug 11 2020 12:44:29 GMT+0100 (British Summer Time). added/changed 1 file(s): sections/slideshow.liquid.
Deploy complete @ Tue Aug 11 2020 12:45:00 GMT+0100 (British Summer Time). added/changed 1 file(s): sections/slideshow.liquid.
Deploy complete @ Tue Aug 11 2020 12:45:07 GMT+0100 (British Summer Time). added/changed 1 file(s): sections/slideshow.liquid.
Deploy complete @ Tue Aug 11 2020 12:46:33 GMT+0100 (British Summer Time). added/changed 1 file(s): sections/slideshow.liquid.
Deploy complete @ Tue Aug 11 2020 12:47:20 GMT+0100 (British Summer Time). added/changed 1 file(s): sections/slideshow.liquid.
Deploy complete @ Tue Aug 11 2020 12:47:27 GMT+0100 (British Summer Time). added/changed 1 file(s): sections/slideshow.liquid.
Deploy complete @ Tue Aug 11 2020 12:47:56 GMT+0100 (British Summer Time). added/changed 1 file(s): sections/slideshow.liquid.
Deploy complete @ Tue Aug 11 2020 12:48:14 GMT+0100 (British Summer Time). added/changed 1 file(s): sections/slideshow.liquid.
Deploy complete @ Tue Aug 11 2020 12:48:15 GMT+0100 (British Summer Time). added/changed 1 file(s): sections/slideshow.liquid.
Deploy complete @ Tue Aug 11 2020 12:49:22 GMT+0100 (British Summer Time). added/changed 1 file(s): sections/slideshow.liquid.
Deploy complete @ Tue Aug 11 2020 13:04:29 GMT+0100 (British Summer Time). added/changed 1 file(s): assets/pippip.front.js.
Deploy complete @ Tue Aug 11 2020 13:05:10 GMT+0100 (British Summer Time). added/changed 1 file(s): assets/pippip.front.js.
Deploy complete @ Tue Aug 11 2020 13:05:25 GMT+0100 (British Summer Time). added/changed 1 file(s): assets/pippip.front.js.
Deploy complete @ Tue Aug 11 2020 13:06:39 GMT+0100 (British Summer Time). added/changed 1 file(s): assets/theme.js.
Deploy complete @ Tue Aug 11 2020 13:07:07 GMT+0100 (British Summer Time). added/changed 1 file(s): assets/pippip.front.js.
Deploy complete @ Tue Aug 11 2020 13:07:28 GMT+0100 (British Summer Time). added/changed 1 file(s): assets/pippip.front.js.
Deploy complete @ Tue Aug 11 2020 13:07:34 GMT+0100 (British Summer Time). added/changed 1 file(s): assets/pippip.front.js.
Deploy complete @ Tue Aug 11 2020 13:09:36 GMT+0100 (British Summer Time). added/changed 1 file(s): assets/pippip.front.js.
Deploy complete @ Tue Aug 11 2020 13:10:03 GMT+0100 (British Summer Time). added/changed 1 file(s): assets/pippip.front.js.
Deploy complete @ Tue Aug 11 2020 13:10:36 GMT+0100 (British Summer Time). added/changed 1 file(s): assets/pippip.front.js.
Deploy complete @ Tue Aug 11 2020 13:11:01 GMT+0100 (British Summer Time). added/changed 1 file(s): assets/pippip.front.js.
Deploy complete @ Tue Aug 11 2020 13:15:46 GMT+0100 (British Summer Time). added/changed 1 file(s): assets/pippip.front.js.
Deploy complete @ Tue Aug 11 2020 13:16:00 GMT+0100 (British Summer Time). added/changed 1 file(s): assets/pippip.front.js.
Deploy complete @ Tue Aug 11 2020 13:17:23 GMT+0100 (British Summer Time). added/changed 1 file(s): layout/theme.liquid.
Deploy complete @ Tue Aug 11 2020 13:19:06 GMT+0100 (British Summer Time). added/changed 1 file(s): assets/pippip.front.js.
Deploy complete @ Tue Aug 11 2020 13:20:32 GMT+0100 (British Summer Time). added/changed 1 file(s): sections/slideshow.liquid.
Deploy complete @ Tue Aug 11 2020 13:21:30 GMT+0100 (British Summer Time). added/changed 1 file(s): assets/pippip.front.js.
Deploy complete @ Tue Aug 11 2020 13:23:07 GMT+0100 (British Summer Time). added/changed 1 file(s): layout/theme.liquid.
Deploy complete @ Tue Aug 11 2020 13:24:36 GMT+0100 (British Summer Time). added/changed 1 file(s): layout/theme.liquid.
Deploy complete @ Tue Aug 11 2020 13:24:42 GMT+0100 (British Summer Time). added/changed 1 file(s): sections/feature-row.liquid.
Deploy complete @ Tue Aug 11 2020 13:25:13 GMT+0100 (British Summer Time). added/changed 1 file(s): sections/slideshow.liquid.
Deploy complete @ Tue Aug 11 2020 13:26:30 GMT+0100 (British Summer Time). added/changed 4 file(s): assets/debut-theme.scss.liquid, assets/overlay.scss.liquid, assets/st-albans-theme.scss.liquid, assets/theme.scss.liquid.
Deploy complete @ Tue Aug 11 2020 13:37:30 GMT+0100 (British Summer Time). added/changed 1 file(s): sections/slideshow.liquid.
Deploy complete @ Tue Aug 11 2020 13:39:02 GMT+0100 (British Summer Time). added/changed 1 file(s): sections/slideshow.liquid.
Deploy complete @ Tue Aug 11 2020 13:44:11 GMT+0100 (British Summer Time). added/changed 1 file(s): assets/theme.js.
Deploy complete @ Tue Aug 11 2020 13:45:00 GMT+0100 (British Summer Time). added/changed 1 file(s): assets/theme.js.
Deploy complete @ Tue Aug 11 2020 13:45:28 GMT+0100 (British Summer Time). added/changed 1 file(s): assets/theme.js.
Deploy complete @ Tue Aug 11 2020 13:46:11 GMT+0100 (British Summer Time). added/changed 1 file(s): assets/theme.js.
Deploy complete @ Tue Aug 11 2020 13:52:21 GMT+0100 (British Summer Time). added/changed 1 file(s): sections/slideshow.liquid.
Deploy complete @ Tue Aug 11 2020 13:52:48 GMT+0100 (British Summer Time). added/changed 5 file(s): assets/debut-theme.scss.liquid, assets/overlay.scss.liquid, assets/overlay.scss.liquid, assets/st-albans-theme.scss.liquid, assets/theme.scss.liquid.
Deploy complete @ Tue Aug 11 2020 13:55:27 GMT+0100 (British Summer Time). added/changed 1 file(s): sections/slideshow.liquid.
Deploy complete @ Tue Aug 11 2020 13:59:07 GMT+0100 (British Summer Time). added/changed 1 file(s): assets/theme.js.
Deploy complete @ Tue Aug 11 2020 14:01:16 GMT+0100 (British Summer Time). added/changed 1 file(s): sections/slideshow.liquid.
Deploy complete @ Tue Aug 11 2020 14:02:12 GMT+0100 (British Summer Time). added/changed 1 file(s): sections/slideshow.liquid.
Deploy complete @ Tue Aug 11 2020 14:04:45 GMT+0100 (British Summer Time). added/changed 1 file(s): sections/slideshow.liquid.
Deploy complete @ Tue Aug 11 2020 14:05:26 GMT+0100 (British Summer Time). added/changed 1 file(s): sections/slideshow.liquid.
Deploy complete @ Tue Aug 11 2020 14:07:14 GMT+0100 (British Summer Time). added/changed 1 file(s): sections/slideshow.liquid.
Deploy complete @ Tue Aug 11 2020 14:11:58 GMT+0100 (British Summer Time). added/changed 1 file(s): assets/theme.js.
Deploy complete @ Tue Aug 11 2020 14:12:29 GMT+0100 (British Summer Time). added/changed 1 file(s): sections/slideshow.liquid.
Deploy complete @ Tue Aug 11 2020 14:13:42 GMT+0100 (British Summer Time). added/changed 1 file(s): layout/theme.liquid.
Deploy complete @ Tue Aug 11 2020 14:14:00 GMT+0100 (British Summer Time). added/changed 1 file(s): layout/theme.liquid.
Deploy complete @ Tue Aug 11 2020 14:14:18 GMT+0100 (British Summer Time). added/changed 1 file(s): layout/theme.liquid.
Deploy complete @ Tue Aug 11 2020 15:07:50 GMT+0100 (British Summer Time). added/changed 1 file(s): layout/theme.liquid.
Deploy complete @ Tue Aug 11 2020 15:07:51 GMT+0100 (British Summer Time). added/changed 1 file(s): layout/theme.liquid.
Deploy complete @ Tue Aug 11 2020 15:10:08 GMT+0100 (British Summer Time). added/changed 4 file(s): assets/debut-theme.scss.liquid, assets/overlay.scss.liquid, assets/st-albans-theme.scss.liquid, assets/theme.scss.liquid.
Deploy complete @ Tue Aug 11 2020 15:14:03 GMT+0100 (British Summer Time). added/changed 1 file(s): assets/theme.js.
Deploy complete @ Tue Aug 11 2020 15:14:39 GMT+0100 (British Summer Time). added/changed 1 file(s): sections/slideshow.liquid.
Deploy complete @ Tue Aug 11 2020 15:14:45 GMT+0100 (British Summer Time). added/changed 1 file(s): sections/slideshow.liquid.
Deploy complete @ Tue Aug 11 2020 15:20:13 GMT+0100 (British Summer Time). added/changed 1 file(s): assets/theme.js.
Deploy error @ Tue Aug 11 2020 15:38:03 GMT+0100 (British Summer Time). added/changed 1 file(s): sections/slideshow.liquid.
15:38:03 [development]Asset Perform Update to sections/slideshow.liquid at host angelou-unt.myshopify.com
	Status: 422 Unprocessable Entity
	Errors: Liquid syntax error (line 56): 'endfor' is not a valid delimiter for if tags. use endif
 
Deploy complete @ Tue Aug 11 2020 15:39:52 GMT+0100 (British Summer Time). added/changed 1 file(s): sections/slideshow.liquid.
Deploy complete @ Tue Aug 11 2020 15:40:44 GMT+0100 (British Summer Time). added/changed 1 file(s): sections/slideshow.liquid.
Deploy complete @ Tue Aug 11 2020 15:44:19 GMT+0100 (British Summer Time). added/changed 1 file(s): sections/slideshow.liquid.
Deploy complete @ Tue Aug 11 2020 15:44:30 GMT+0100 (British Summer Time). added/changed 1 file(s): sections/slideshow.liquid.
Deploy complete @ Tue Aug 11 2020 15:47:08 GMT+0100 (British Summer Time). added/changed 1 file(s): sections/slideshow.liquid.
Deploy complete @ Tue Aug 11 2020 16:01:20 GMT+0100 (British Summer Time). added/changed 1 file(s): sections/slideshow.liquid.
Deploy complete @ Tue Aug 11 2020 16:02:21 GMT+0100 (British Summer Time). added/changed 1 file(s): sections/slideshow.liquid.
Deploy complete @ Tue Aug 11 2020 16:05:00 GMT+0100 (British Summer Time). added/changed 1 file(s): sections/slideshow.liquid.
Deploy complete @ Tue Aug 11 2020 16:09:21 GMT+0100 (British Summer Time). added/changed 1 file(s): assets/theme.js.
Deploy complete @ Tue Aug 11 2020 16:13:18 GMT+0100 (British Summer Time). added/changed 1 file(s): sections/slideshow.liquid.
